2018-03-07 10:32:38,042 [main] INFO  b.c.c.s.d.s.application.Application - Starting Application on DESKTOP-JDC7V73 with PID 12512 (C:\Users\Jean\Documents\spring-jpa-jersey\target\classes started by Jean in C:\Users\Jean\Documents\spring-jpa-jersey)
2018-03-07 10:32:38,052 [main] INFO  b.c.c.s.d.s.application.Application - No active profile set, falling back to default profiles: default
2018-03-07 10:32:46,560 [localhost-startStop-1] WARN  o.g.j.internal.inject.Providers - A provider br.com.cinq.spring.data.resource.SampleResource registered in SERVER runtime does not implement any provider interfaces applicable in the SERVER runtime. Due to constraint configuration problems the provider br.com.cinq.spring.data.resource.SampleResource will be ignored. 
2018-03-07 10:32:48,524 [main] WARN  o.a.tomcat.jdbc.pool.ConnectionPool - maxIdle is larger than maxActive, setting maxIdle to: 50
2018-03-07 10:32:51,784 [main] INFO  b.c.c.s.d.s.application.Application - Started Application in 14.671 seconds (JVM running for 31.522)
2018-03-07 16:00:23,832 [main] INFO  b.c.c.s.d.s.application.Application - Starting Application on DESKTOP-JDC7V73 with PID 12788 (C:\Users\Jean\Documents\spring-jpa-jersey\target\classes started by Jean in C:\Users\Jean\Documents\spring-jpa-jersey)
2018-03-07 16:00:23,842 [main] INFO  b.c.c.s.d.s.application.Application - No active profile set, falling back to default profiles: default
2018-03-07 16:00:29,076 [localhost-startStop-1] WARN  o.g.j.internal.inject.Providers - A provider br.com.cinq.spring.data.resource.SampleResource registered in SERVER runtime does not implement any provider interfaces applicable in the SERVER runtime. Due to constraint configuration problems the provider br.com.cinq.spring.data.resource.SampleResource will be ignored. 
2018-03-07 16:00:34,151 [main] INFO  b.c.c.s.d.s.application.Application - Started Application in 11.277 seconds (JVM running for 31.848)
2018-03-07 16:03:06,413 [main] INFO  b.c.c.s.d.s.application.Application - Starting Application on DESKTOP-JDC7V73 with PID 13916 (C:\Users\Jean\Documents\spring-jpa-jersey\target\classes started by Jean in C:\Users\Jean\Documents\spring-jpa-jersey)
2018-03-07 16:03:06,588 [main] INFO  b.c.c.s.d.s.application.Application - No active profile set, falling back to default profiles: default
2018-03-07 16:03:11,283 [localhost-startStop-1] WARN  o.g.j.internal.inject.Providers - A provider br.com.cinq.spring.data.resource.SampleResource registered in SERVER runtime does not implement any provider interfaces applicable in the SERVER runtime. Due to constraint configuration problems the provider br.com.cinq.spring.data.resource.SampleResource will be ignored. 
2018-03-07 16:03:16,035 [main] INFO  b.c.c.s.d.s.application.Application - Started Application in 10.46 seconds (JVM running for 17.747)
2018-03-07 16:04:39,428 [main] INFO  b.c.c.s.d.s.application.Application - Starting Application on DESKTOP-JDC7V73 with PID 3376 (C:\Users\Jean\Documents\spring-jpa-jersey\target\classes started by Jean in C:\Users\Jean\Documents\spring-jpa-jersey)
2018-03-07 16:04:39,444 [main] INFO  b.c.c.s.d.s.application.Application - No active profile set, falling back to default profiles: default
2018-03-07 16:04:44,201 [localhost-startStop-1] WARN  o.g.j.internal.inject.Providers - A provider br.com.cinq.spring.data.resource.SampleResource registered in SERVER runtime does not implement any provider interfaces applicable in the SERVER runtime. Due to constraint configuration problems the provider br.com.cinq.spring.data.resource.SampleResource will be ignored. 
2018-03-07 16:04:48,778 [main] INFO  b.c.c.s.d.s.application.Application - Started Application in 10.225 seconds (JVM running for 16.012)
2018-03-07 16:09:18,752 [main] INFO  b.c.c.s.d.s.application.Application - Starting Application on DESKTOP-JDC7V73 with PID 6548 (C:\Users\Jean\Documents\spring-jpa-jersey\target\classes started by Jean in C:\Users\Jean\Documents\spring-jpa-jersey)
2018-03-07 16:09:18,752 [main] INFO  b.c.c.s.d.s.application.Application - No active profile set, falling back to default profiles: default
2018-03-07 16:09:23,201 [localhost-startStop-1] WARN  o.g.j.internal.inject.Providers - A provider br.com.cinq.spring.data.resource.SampleResource registered in SERVER runtime does not implement any provider interfaces applicable in the SERVER runtime. Due to constraint configuration problems the provider br.com.cinq.spring.data.resource.SampleResource will be ignored. 
2018-03-07 16:09:27,975 [main] INFO  b.c.c.s.d.s.application.Application - Started Application in 10.079 seconds (JVM running for 17.521)
2018-03-07 16:13:00,511 [main] INFO  b.c.c.s.d.s.application.Application - Starting Application on DESKTOP-JDC7V73 with PID 8772 (C:\Users\Jean\Documents\spring-jpa-jersey\target\classes started by Jean in C:\Users\Jean\Documents\spring-jpa-jersey)
2018-03-07 16:13:00,526 [main] INFO  b.c.c.s.d.s.application.Application - No active profile set, falling back to default profiles: default
2018-03-07 16:13:03,429 [localhost-startStop-1] WARN  o.g.j.internal.inject.Providers - A provider br.com.cinq.spring.data.resource.SampleResource registered in SERVER runtime does not implement any provider interfaces applicable in the SERVER runtime. Due to constraint configuration problems the provider br.com.cinq.spring.data.resource.SampleResource will be ignored. 
2018-03-07 16:13:05,671 [main] INFO  b.c.c.s.d.s.application.Application - Started Application in 5.966 seconds (JVM running for 7.87)
2018-03-07 16:17:46,399 [main] INFO  b.c.c.s.d.s.application.Application - Starting Application on DESKTOP-JDC7V73 with PID 8524 (C:\Users\Jean\Documents\spring-jpa-jersey\target\classes started by Jean in C:\Users\Jean\Documents\spring-jpa-jersey)
2018-03-07 16:17:46,404 [main] INFO  b.c.c.s.d.s.application.Application - No active profile set, falling back to default profiles: default
2018-03-07 16:17:54,029 [main] INFO  b.c.c.s.d.s.application.Application - Started Application in 8.469 seconds (JVM running for 12.069)
2018-03-07 16:20:55,300 [main] INFO  b.c.c.s.d.s.application.Application - Starting Application on DESKTOP-JDC7V73 with PID 11868 (C:\Users\Jean\Documents\spring-jpa-jersey\target\classes started by Jean in C:\Users\Jean\Documents\spring-jpa-jersey)
2018-03-07 16:20:55,317 [main] INFO  b.c.c.s.d.s.application.Application - No active profile set, falling back to default profiles: default
2018-03-07 16:21:02,536 [main] INFO  b.c.c.s.d.s.application.Application - Started Application in 8.245 seconds (JVM running for 10.286)
2018-03-07 16:25:26,600 [main] INFO  b.c.c.s.d.s.application.Application - Starting Application on DESKTOP-JDC7V73 with PID 17508 (C:\Users\Jean\Documents\spring-jpa-jersey\target\classes started by Jean in C:\Users\Jean\Documents\spring-jpa-jersey)
2018-03-07 16:25:26,605 [main] INFO  b.c.c.s.d.s.application.Application - No active profile set, falling back to default profiles: default
2018-03-07 16:25:33,661 [main] INFO  b.c.c.s.d.s.application.Application - Started Application in 8.114 seconds (JVM running for 10.021)
2018-03-07 16:25:57,523 [main] INFO  b.c.c.s.d.s.application.Application - Starting Application on DESKTOP-JDC7V73 with PID 10256 (C:\Users\Jean\Documents\spring-jpa-jersey\target\classes started by Jean in C:\Users\Jean\Documents\spring-jpa-jersey)
2018-03-07 16:25:57,532 [main] INFO  b.c.c.s.d.s.application.Application - No active profile set, falling back to default profiles: default
2018-03-07 16:26:04,851 [main] INFO  b.c.c.s.d.s.application.Application - Started Application in 8.39 seconds (JVM running for 10.242)
2018-03-07 16:26:31,923 [main] INFO  b.c.c.s.d.s.application.Application - Starting Application on DESKTOP-JDC7V73 with PID 14432 (C:\Users\Jean\Documents\spring-jpa-jersey\target\classes started by Jean in C:\Users\Jean\Documents\spring-jpa-jersey)
2018-03-07 16:26:31,932 [main] INFO  b.c.c.s.d.s.application.Application - No active profile set, falling back to default profiles: default
2018-03-07 16:26:38,834 [main] INFO  b.c.c.s.d.s.application.Application - Started Application in 7.78 seconds (JVM running for 9.618)
2018-03-07 16:27:00,113 [main] INFO  b.c.c.s.d.s.application.Application - Starting Application on DESKTOP-JDC7V73 with PID 13320 (C:\Users\Jean\Documents\spring-jpa-jersey\target\classes started by Jean in C:\Users\Jean\Documents\spring-jpa-jersey)
2018-03-07 16:27:00,119 [main] INFO  b.c.c.s.d.s.application.Application - No active profile set, falling back to default profiles: default
2018-03-07 16:27:07,309 [main] INFO  b.c.c.s.d.s.application.Application - Started Application in 8.014 seconds (JVM running for 10.443)
2018-03-07 16:27:17,932 [main] INFO  b.c.c.s.d.s.application.Application - Starting Application on DESKTOP-JDC7V73 with PID 9204 (C:\Users\Jean\Documents\spring-jpa-jersey\target\classes started by Jean in C:\Users\Jean\Documents\spring-jpa-jersey)
2018-03-07 16:27:17,937 [main] INFO  b.c.c.s.d.s.application.Application - No active profile set, falling back to default profiles: default
2018-03-07 16:27:24,802 [main] INFO  b.c.c.s.d.s.application.Application - Started Application in 7.749 seconds (JVM running for 9.484)
